

Date：2023-06-08 22:19:21.174
LogLevel：Information
Message：It's just a test
----------------------------------------------------------------------------------------------------

Date：2023-06-08 22:58:20.911
LogLevel：Information
Message：It's just a test
----------------------------------------------------------------------------------------------------

Date：2023-06-08 22:59:26.806
LogLevel：Error
Message：获取持仓出错,The encoding requested does not have a corresponding decoder
----------------------------------------------------------------------------------------------------

Date：2023-06-08 23:00:43.737
LogLevel：Error
Message：获取委托出错,The encoding requested does not have a corresponding decoder
----------------------------------------------------------------------------------------------------

Date：2023-06-08 23:00:56.849
LogLevel：Error
Message：获取成交出错,The encoding requested does not have a corresponding decoder
----------------------------------------------------------------------------------------------------

Date：2023-06-08 23:08:01.703
LogLevel：Information
Message：It's just a test
----------------------------------------------------------------------------------------------------

Date：2023-06-08 23:08:24.883
LogLevel：Error
Message：获取持仓出错,The encoding requested does not have a corresponding decoder
----------------------------------------------------------------------------------------------------

Date：2023-06-08 23:08:48.204
LogLevel：Error
Message：获取委托出错,The encoding requested does not have a corresponding decoder
----------------------------------------------------------------------------------------------------

Date：2023-06-08 23:12:24.864
LogLevel：Information
Message：It's just a test
----------------------------------------------------------------------------------------------------

Date：2023-06-08 23:13:58.152
LogLevel：Information
Message：It's just a test
----------------------------------------------------------------------------------------------------

Date：2023-06-08 23:14:00.670
LogLevel：Error
Message：获取持仓出错,The encoding requested does not have a corresponding decoder
----------------------------------------------------------------------------------------------------

Date：2023-06-08 23:16:17.354
LogLevel：Information
Message：It's just a test
----------------------------------------------------------------------------------------------------

Date：2023-06-08 23:36:18.467
LogLevel：Information
Message：It's just a test
----------------------------------------------------------------------------------------------------